<?xml version="1.0" encoding="UTF-8"?>
<testsuite name="com.mgari.calculator.CalculatorApplicationTests" tests="1" skipped="0" failures="0" errors="0" timestamp="2023-12-08T01:50:51" hostname="ubuntu" time="1.24">
  <properties/>
  <testcase name="contextLoads()" classname="com.mgari.calculator.CalculatorApplicationTests" time="1.24"/>
  <system-out><![CDATA[20:50:48.314 [Test worker] INFO org.springframework.test.context.support.AnnotationConfigContextLoaderUtils -- Could not detect default configuration classes for test class [com.mgari.calculator.CalculatorApplicationTests]: CalculatorApplicationTests does not declare any static, non-private, non-final, nested classes annotated with @Configuration.
20:50:48.492 [Test worker] INFO org.springframework.boot.test.context.SpringBootTestContextBootstrapper -- Found @SpringBootConfiguration com.mgari.calculator.CalculatorApplication for test class com.mgari.calculator.CalculatorApplicationTests

  .   ____          _            __ _ _
 /\\ / ___'_ __ _ _(_)_ __  __ _ \ \ \ \
( ( )\___ | '_ | '_| | '_ \/ _` | \ \ \ \
 \\/  ___)| |_)| | | | | || (_| |  ) ) ) )
  '  |____| .__|_| |_|_| |_\__, | / / / /
 =========|_|==============|___/=/_/_/_/
 :: Spring Boot ::                (v3.2.0)

2023-12-07T20:50:49.161-05:00  INFO 25460 --- [    Test worker] c.m.c.CalculatorApplicationTests         : Starting CalculatorApplicationTests using Java 17.0.9 with PID 25460 (started by oem in /home/oem/Devops/calculator)
2023-12-07T20:50:49.166-05:00  INFO 25460 --- [    Test worker] c.m.c.CalculatorApplicationTests         : No active profile set, falling back to 1 default profile: "default"
2023-12-07T20:50:51.086-05:00  INFO 25460 --- [    Test worker] c.m.c.CalculatorApplicationTests         : Started CalculatorApplicationTests in 2.358 seconds (process running for 4.402)
]]></system-out>
  <system-err><![CDATA[]]></system-err>
</testsuite>
